<?xml version="1.0" encoding="utf-8"?><testsuites name="pytest tests"><testsuite name="pytest" errors="0" failures="0" skipped="0" tests="4" time="22.626" timestamp="2026-09-06T13:13:51.979508+00:00" hostname="agent-env-c0db5e6f-f496-47d0-b600-7616baa2dd0f"><testcase classname="tests.test_refresh_flow" name="test_login_sets_all_three_cookies" time="8.851" /><testcase classname="tests.test_refresh_flow" name="test_me_without_access_returns_401_then_refresh_rotates" time="4.952" /><testcase classname="tests.test_refresh_flow" name="test_journey_create_after_refresh" time="1.798" /><testcase classname="tests.test_refresh_flow" name="test_wrong_password_no_refresh_trigger" time="6.987" /></testsuite></testsuites>