<?xml version="1.0" encoding="utf-8"?><testsuites name="pytest tests"><testsuite name="pytest" errors="0" failures="1" skipped="0" tests="41" time="199.064" timestamp="2026-09-04T07:29:01.180732+00:00" hostname="agent-env-c0db5e6f-f496-47d0-b600-7616baa2dd0f"><testcase classname="tests.test_m2_public.TestSignupAndVerification" name="test_signup_does_not_sign_in_and_queues_suppressed_email" time="4.131" /><testcase classname="tests.test_m2_public.TestSignupAndVerification" name="test_login_before_verification_is_403_email_not_verified" time="3.730" /><testcase classname="tests.test_m2_public.TestSignupAndVerification" name="test_verification_token_is_single_use" time="5.510" /><testcase classname="tests.test_m2_public.TestSignupAndVerification" name="test_login_after_verification_sets_httponly_cookies" time="9.558" /><testcase classname="tests.test_m2_public.TestSignupAndVerification" name="test_new_account_has_no_journey" time="7.949" /><testcase classname="tests.test_m2_public.TestSignupAndVerification" name="test_signup_rejects_weak_password_and_extra_workspace_id" time="0.350" /><testcase classname="tests.test_m2_public.TestSignupAndVerification" name="test_duplicate_signup_is_neutral" time="0.952" /><testcase classname="tests.test_m2_public.TestSignupAndVerification" name="test_reissue_verification_is_neutral_for_unknown_email" time="0.674" /><testcase classname="tests.test_m2_public.TestLockout" name="test_five_failures_then_429" time="6.282"><failure message="AssertionError: 401 {&quot;detail&quot;:&quot;Email or password is incorrect.&quot;}&#10;assert 401 == 429&#10; +  where 401 = &lt;Response [401]&gt;.status_code">tests/test_m2_public.py:221: in test_five_failures_then_429
    assert sixth.status_code == 429, f"{sixth.status_code} {sixth.text[:200]}"
E   AssertionError: 401 {"detail":"Email or password is incorrect."}
E   assert 401 == 429
E    +  where 401 = &lt;Response [401]&gt;.status_code</failure></testcase><testcase classname="tests.test_m2_public.TestOnboarding" name="test_journey_step_persists_and_completes" time="15.092" /><testcase classname="tests.test_m2_public.TestOnboarding" name="test_journey_create_rejects_client_workspace_id" time="0.660" /><testcase classname="tests.test_m2_public.TestBrief" name="test_default_brief_has_all_criteria_and_modes" time="9.380" /><testcase classname="tests.test_m2_public.TestBrief" name="test_publication_blockers_are_field_linked" time="8.015" /><testcase classname="tests.test_m2_public.TestBrief" name="test_publish_twice_creates_immutable_versions" time="12.247" /><testcase classname="tests.test_m2_public.TestBrief" name="test_publish_requires_reason" time="2.248" /><testcase classname="tests.test_m2_public.TestBrief" name="test_reset_weights_restores_defaults" time="6.719" /><testcase classname="tests.test_m2_public.TestBrief" name="test_locations_all_states_and_conflict_error" time="9.286" /><testcase classname="tests.test_m2_public.TestBrief" name="test_draft_rejects_unknown_payload_fields" time="2.248" /><testcase classname="tests.test_m2_public.TestBrief" name="test_invalid_mode_rejected" time="2.254" /><testcase classname="tests.test_m2_public.TestTenantIsolation" name="test_cross_tenant_reads_are_404" time="9.440" /><testcase classname="tests.test_m2_public.TestTenantIsolation" name="test_cross_tenant_writes_are_404" time="3.395" /><testcase classname="tests.test_m2_public.TestTenantIsolation" name="test_other_tenant_sees_only_its_own_journeys" time="1.227" /><testcase classname="tests.test_m2_public.TestTenantIsolation" name="test_owner_still_reads_own_journey" time="1.569" /><testcase classname="tests.test_m2_public.TestTenantIsolation" name="test_anonymous_requests_are_401[GET-/api/journeys]" time="0.161" /><testcase classname="tests.test_m2_public.TestTenantIsolation" name="test_anonymous_requests_are_401[GET-/api/auth/me]" time="0.146" /><testcase classname="tests.test_m2_public.TestTenantIsolation" name="test_anonymous_requests_are_401[GET-/api/auth/sessions]" time="0.096" /><testcase classname="tests.test_m2_public.TestTenantIsolation" name="test_anonymous_journey_deep_link_is_401" time="0.150" /><testcase classname="tests.test_m2_public.TestSettingsAndSessions" name="test_profile_update_persists" time="9.847" /><testcase classname="tests.test_m2_public.TestSettingsAndSessions" name="test_sessions_list_revoke_and_logout_all" time="15.061" /><testcase classname="tests.test_m2_public.TestSettingsAndSessions" name="test_revoking_unknown_session_is_404" time="7.836" /><testcase classname="tests.test_m2_public.TestSettingsAndSessions" name="test_refresh_rotates_session" time="10.342" /><testcase classname="tests.test_m2_public.TestPasswordRecovery" name="test_forgot_password_is_neutral_and_reset_rotates_credentials" time="16.535" /><testcase classname="tests.test_m2_public.TestPasswordRecovery" name="test_reset_password_rejects_weak_password" time="5.682" /><testcase classname="tests.test_m2_public.TestSafetySurface" name="test_no_unsafe_routes[/api/send]" time="0.204" /><testcase classname="tests.test_m2_public.TestSafetySurface" name="test_no_unsafe_routes[/api/messages/send]" time="0.146" /><testcase classname="tests.test_m2_public.TestSafetySurface" name="test_no_unsafe_routes[/api/offers]" time="0.230" /><testcase classname="tests.test_m2_public.TestSafetySurface" name="test_no_unsafe_routes[/api/bookings]" time="0.190" /><testcase classname="tests.test_m2_public.TestSafetySurface" name="test_no_unsafe_routes[/api/billing]" time="0.248" /><testcase classname="tests.test_m2_public.TestSafetySurface" name="test_no_unsafe_routes[/api/scrape]" time="0.163" /><testcase classname="tests.test_m2_public.TestSafetySurface" name="test_no_unsafe_routes[/api/value-score]" time="0.162" /><testcase classname="tests.test_m2_public.TestSafetySurface" name="test_openapi_has_no_unsafe_or_value_score_paths" time="8.837" /></testsuite></testsuites>