<?xml version="1.0" encoding="utf-8"?><testsuites name="pytest tests"><testsuite name="pytest" errors="0" failures="0" skipped="0" tests="8" time="233.531" timestamp="2026-09-04T08:14:11.079290+00:00" hostname="agent-env-c0db5e6f-f496-47d0-b600-7616baa2dd0f"><testcase classname="tests.test_m2_retest.TestLockout" name="test_six_wrong_passwords_same_ip_lock_out" time="23.616" /><testcase classname="tests.test_m2_retest.TestLockout" name="test_lockout_triggers_with_rotating_forwarded_for" time="22.210" /><testcase classname="tests.test_m2_retest.TestLockout" name="test_no_collateral_lockout_for_other_account" time="32.298" /><testcase classname="tests.test_m2_retest.TestLockout" name="test_correct_password_refused_during_lockout" time="22.742" /><testcase classname="tests.test_m2_retest.TestLockout" name="test_unlock_script_restores_access" time="31.946" /><testcase classname="tests.test_m2_retest.TestMarkerCookie" name="test_marker_cookie_set_on_login_and_cleared_on_logout" time="8.165" /><testcase classname="tests.test_m2_retest.TestMarkerCookie" name="test_anonymous_me_is_401_without_marker" time="0.144" /><testcase classname="tests.test_m2_retest.TestSessionCap" name="test_sessions_capped_at_ten_and_current_marked" time="92.355" /></testsuite></testsuites>