<?xml version="1.0" encoding="utf-8"?><testsuites name="pytest tests"><testsuite name="pytest" errors="0" failures="0" skipped="0" tests="41" time="199.898" timestamp="2026-09-04T10:29:25.522507+00:00" hostname="agent-env-c0db5e6f-f496-47d0-b600-7616baa2dd0f"><testcase classname="tests.test_m3_public.TestCatalogue" name="test_seven_demo_properties" time="10.026" /><testcase classname="tests.test_m3_public.TestCatalogue" name="test_verdicts[DEMO-001-pass]" time="0.000" /><testcase classname="tests.test_m3_public.TestCatalogue" name="test_verdicts[DEMO-002-unknown]" time="0.000" /><testcase classname="tests.test_m3_public.TestCatalogue" name="test_verdicts[DEMO-003-fail]" time="0.000" /><testcase classname="tests.test_m3_public.TestCatalogue" name="test_verdicts[DEMO-004-unknown]" time="0.000" /><testcase classname="tests.test_m3_public.TestCatalogue" name="test_verdicts[DEMO-005-pass]" time="0.000" /><testcase classname="tests.test_m3_public.TestCatalogue" name="test_verdicts[DEMO-006-unknown]" time="0.000" /><testcase classname="tests.test_m3_public.TestCatalogue" name="test_verdicts[DEMO-007-pass]" time="0.000" /><testcase classname="tests.test_m3_public.TestCatalogue" name="test_demo003_land_fail_and_fit" time="0.000" /><testcase classname="tests.test_m3_public.TestCatalogue" name="test_demo002_contact_agent_price" time="0.000" /><testcase classname="tests.test_m3_public.TestCatalogue" name="test_demo004_conflicting_price" time="0.000" /><testcase classname="tests.test_m3_public.TestCatalogue" name="test_demo006_land_unknown_not_zero" time="0.000" /><testcase classname="tests.test_m3_public.TestCatalogue" name="test_demo007_under_offer_archived" time="0.000" /><testcase classname="tests.test_m3_public.TestCatalogue" name="test_units_distinct" time="0.002" /><testcase classname="tests.test_m3_public.TestCatalogue" name="test_evaluation_version_and_hash" time="0.001" /><testcase classname="tests.test_m3_public.TestCatalogue" name="test_no_mongo_id_leak" time="0.000" /><testcase classname="tests.test_m3_public.TestListFilters" name="test_filter_buyer_state" time="3.127" /><testcase classname="tests.test_m3_public.TestListFilters" name="test_filter_verdict_fail" time="2.139" /><testcase classname="tests.test_m3_public.TestListFilters" name="test_filter_saved" time="1.978" /><testcase classname="tests.test_m3_public.TestListFilters" name="test_search_q" time="2.139" /><testcase classname="tests.test_m3_public.TestListFilters" name="test_sorts[fit]" time="1.974" /><testcase classname="tests.test_m3_public.TestListFilters" name="test_sorts[address]" time="2.175" /><testcase classname="tests.test_m3_public.TestListFilters" name="test_sorts[checked]" time="2.137" /><testcase classname="tests.test_m3_public.TestListFilters" name="test_sort_fit_descending_known_first" time="2.213" /><testcase classname="tests.test_m3_public.TestListFilters" name="test_bad_sort_rejected" time="0.627" /><testcase classname="tests.test_m3_public.TestListFilters" name="test_compare_four" time="3.334" /><testcase classname="tests.test_m3_public.TestListFilters" name="test_compare_five_rejected" time="0.843" /><testcase classname="tests.test_m3_public.TestListFilters" name="test_compare_invalid_uuid" time="0.821" /><testcase classname="tests.test_m3_public.TestDetail" name="test_detail_shape" time="2.919" /><testcase classname="tests.test_m3_public.TestDetail" name="test_unknown_property_404" time="1.016" /><testcase classname="tests.test_m3_public.TestWorkflow" name="test_illegal_transition_409" time="1.974" /><testcase classname="tests.test_m3_public.TestWorkflow" name="test_stale_row_version_409" time="1.016" /><testcase classname="tests.test_m3_public.TestWorkflow" name="test_fail_promotion_blocked_then_waived" time="34.544" /><testcase classname="tests.test_m3_public.TestCollaboration" name="test_saved_toggle_roundtrip" time="11.017" /><testcase classname="tests.test_m3_public.TestCollaboration" name="test_notes_create_edit_stale" time="9.528" /><testcase classname="tests.test_m3_public.TestCollaboration" name="test_tasks_create_and_toggle" time="11.059" /><testcase classname="tests.test_m3_public.TestCollaboration" name="test_today" time="3.310" /><testcase classname="tests.test_m3_public.TestCollaboration" name="test_activity" time="1.201" /><testcase classname="tests.test_m3_public.TestReevaluation" name="test_reevaluation_flow" time="66.357" /><testcase classname="tests.test_m3_public.TestTenantIsolation" name="test_cross_tenant_reads_and_writes_404" time="13.381" /><testcase classname="tests.test_m3_public.TestTenantIsolation" name="test_unauthenticated_rejected" time="8.891" /></testsuite></testsuites>