<?xml version="1.0" encoding="utf-8"?><testsuites name="pytest tests"><testsuite name="pytest" errors="0" failures="1" skipped="0" tests="10" time="69.114" timestamp="2026-09-14T11:10:18.312222+00:00" hostname="agent-env-c0db5e6f-f496-47d0-b600-7616baa2dd0f"><testcase classname="tests.test_m6_1_alignment" name="test_report_generate_title_and_contract[daily]" time="13.121" /><testcase classname="tests.test_m6_1_alignment" name="test_report_generate_title_and_contract[weekly]" time="1.636"><failure message="AssertionError: Title mismatch: 'Property Acquisition – Your Weekly Effectiveness Report'&#10;assert 'Property Acq...veness Report' == 'Property Acq...Weekly Report'&#10;  &#10;  - Property Acquisition – Your Weekly Report&#10;  + Property Acquisition – Your Weekly Effectiveness Report&#10;  ?                                    ++++++++++++++">tests/test_m6_1_alignment.py:79: in test_report_generate_title_and_contract
    assert snap.get("title") == LOCKED_TITLES[report_type], f"Title mismatch: {snap.get('title')!r}"
E   AssertionError: Title mismatch: 'Property Acquisition – Your Weekly Effectiveness Report'
E   assert 'Property Acq...veness Report' == 'Property Acq...Weekly Report'
E     
E     - Property Acquisition – Your Weekly Report
E     + Property Acquisition – Your Weekly Effectiveness Report
E     ?                                    ++++++++++++++</failure></testcase><testcase classname="tests.test_m6_1_alignment" name="test_report_generate_title_and_contract[monthly]" time="1.636" /><testcase classname="tests.test_m6_1_alignment" name="test_ready_to_send_transition_and_conflict" time="2.858" /><testcase classname="tests.test_m6_1_alignment" name="test_generate_idempotent_after_ready_to_send" time="3.264" /><testcase classname="tests.test_m6_1_alignment" name="test_inspection_endpoint_updates_state_and_row_version" time="20.994" /><testcase classname="tests.test_m6_1_alignment" name="test_inspection_does_not_affect_gates_or_match" time="15.817" /><testcase classname="tests.test_m6_1_alignment" name="test_no_scheduled_job_is_enabled" time="3.984" /><testcase classname="tests.test_m6_1_alignment" name="test_notifications_endpoint_ok" time="1.446" /><testcase classname="tests.test_m6_1_alignment" name="test_tasks_endpoint_ok" time="4.158" /></testsuite></testsuites>