<?xml version="1.0" encoding="utf-8"?><testsuites name="pytest tests"><testsuite name="pytest" errors="0" failures="0" skipped="0" tests="20" time="1.036" timestamp="2026-09-04T05:23:22.730990+00:00" hostname="agent-env-c0db5e6f-f496-47d0-b600-7616baa2dd0f"><testcase classname="tests.backend_test.TestHealth" name="test_health_ok" time="0.311" /><testcase classname="tests.backend_test.TestHealth" name="test_health_correlation_id_generated" time="0.050" /><testcase classname="tests.backend_test.TestHealth" name="test_health_correlation_id_echoed" time="0.049" /><testcase classname="tests.backend_test.TestMeta" name="test_meta_core_fields" time="0.046" /><testcase classname="tests.backend_test.TestMeta" name="test_meta_flags[apple_sign_in-locked_off]" time="0.000" /><testcase classname="tests.backend_test.TestMeta" name="test_meta_flags[google_sign_in-off]" time="0.000" /><testcase classname="tests.backend_test.TestMeta" name="test_meta_flags[ai_extraction-off]" time="0.000" /><testcase classname="tests.backend_test.TestMeta" name="test_meta_flags[email_delivery-off]" time="0.000" /><testcase classname="tests.backend_test.TestMeta" name="test_meta_flags[inbound_email-locked_off]" time="0.000" /><testcase classname="tests.backend_test.TestMeta" name="test_meta_flags[portal_connectors-locked_off]" time="0.000" /><testcase classname="tests.backend_test.TestMeta" name="test_no_value_score_anywhere" time="0.046" /><testcase classname="tests.backend_test.TestMeta" name="test_meta_correlation_id" time="0.043" /><testcase classname="tests.backend_test.TestRouteSurface" name="test_unknown_api_routes_404[/api/send]" time="0.044" /><testcase classname="tests.backend_test.TestRouteSurface" name="test_unknown_api_routes_404[/api/properties]" time="0.047" /><testcase classname="tests.backend_test.TestRouteSurface" name="test_unknown_api_routes_404[/api/tasks]" time="0.044" /><testcase classname="tests.backend_test.TestRouteSurface" name="test_unknown_api_routes_404[/api/agents]" time="0.044" /><testcase classname="tests.backend_test.TestRouteSurface" name="test_unknown_api_routes_404[/api/sources]" time="0.043" /><testcase classname="tests.backend_test.TestRouteSurface" name="test_unknown_api_routes_404[/api/status]" time="0.042" /><testcase classname="tests.backend_test.TestRouteSurface" name="test_post_health_not_allowed" time="0.047" /><testcase classname="tests.backend_test.TestRouteSurface" name="test_openapi_route_surface" time="0.048" /></testsuite></testsuites>