<?xml version="1.0" encoding="utf-8"?><testsuites name="pytest tests"><testsuite name="pytest" errors="0" failures="0" skipped="0" tests="12" time="123.209" timestamp="2026-09-14T02:59:14.471900+00:00" hostname="agent-env-c0db5e6f-f496-47d0-b600-7616baa2dd0f"><testcase classname="tests.test_intake" name="test_structured_form_happy_path" time="16.632" /><testcase classname="tests.test_intake" name="test_replay_idempotency" time="8.873" /><testcase classname="tests.test_intake" name="test_exact_address_duplicate" time="9.261" /><testcase classname="tests.test_intake" name="test_unit_suffix_isolation" time="6.177" /><testcase classname="tests.test_intake" name="test_url_with_facts_happy_path" time="7.916" /><testcase classname="tests.test_intake" name="test_url_mode_idempotency" time="8.680" /><testcase classname="tests.test_intake" name="test_pasted_text_extracts_known_fields" time="8.280" /><testcase classname="tests.test_intake" name="test_unknown_facts_stay_unknown" time="12.859" /><testcase classname="tests.test_intake" name="test_parse_preview_no_db_write" time="5.180" /><testcase classname="tests.test_intake" name="test_requires_review_address_incomplete" time="5.372" /><testcase classname="tests.test_intake" name="test_cross_tenant_isolation" time="16.992" /><testcase classname="tests.test_intake" name="test_price_parsing" time="16.964" /></testsuite></testsuites>